make all --print-data-base --no-builtin-variables --no-builtin-rules --question
# GNU Make 3.81
# Copyright (C) 2006  Free Software Foundation, Inc.
# This is free software; see the source for copying conditions.
# There is NO warranty; not even for MERCHANTABILITY or FITNESS FOR A
# PARTICULAR PURPOSE.

# This program built for i386-apple-darwin11.3.0

# Make data base, printed on Sat Nov 20 15:09:11 2021

# Variables

# automatic
<D = $(patsubst %/,%,$(dir $<))
# automatic
?F = $(notdir $?)
# environment
VSCODE_LOG_NATIVE = false
# automatic
?D = $(patsubst %/,%,$(dir $?))
# automatic
@D = $(patsubst %/,%,$(dir $@))
# automatic
@F = $(notdir $@)
# makefile
CURDIR := /Users/michaelwomick/Desktop/pa6-mwomick-main
# makefile (from `Makefile', line 14)
G_LINK = $(LDFLAGS)
# makefile
SHELL = /bin/sh
# environment
VSCODE_NLS_CONFIG = {"locale":"en-us","availableLanguages":{},"_languagePackSupport":true}
# environment
_ = /usr/bin/make
# makefile (from `Makefile', line 1)
MAKEFILE_LIST :=  Makefile
# makefile (from `Makefile', line 7)
CC_RELEASE = @$(CC) -std=c++11 -O3 -DNDEBUG
# environment
DEBUG = WARN
# makefile (from `Makefile', line 6)
CC_DEBUG = @$(CC) -std=c++11
# environment
VSCODE_VERBOSE_LOGGING = true
# environment
__CFBundleIdentifier = com.microsoft.VSCode
# environment
VSCODE_IPC_HOOK_EXTHOST = /var/folders/__/8bk089wj1p3_7rlqpn9r2gdw0000gn/T/vscode-ipc-67cc6469-32e2-4351-b851-7ce8d37ca561.sock
# environment
VSCODE_CWD = /
# environment
PATH = /Users/michaelwomick/.amplify/bin:/usr/local/bin:/usr/bin:/bin:/usr/sbin:/sbin:/Library/TeX/texbin:/usr/local/share/dotnet:~/.dotnet/tools:/Library/Apple/usr/bin:/Library/Frameworks/Mono.framework/Versions/Current/Commands:/Applications/Wireshark.app/Contents/MacOS
# makefile (from `Makefile', line 31)
DRAW_SRC = apps/draw.cpp apps/GWindow.cpp apps/GTime.cpp
# environment
VSCODE_LOG_STACK = false
# environment
ELECTRON_RUN_AS_NODE = 1
# default
.FEATURES := target-specific order-only second-expansion else-if archives jobserver check-symlink
# environment
SSH_AUTH_SOCK = /private/tmp/com.apple.launchd.1bFTxWq4Ge/Listeners
# automatic
%F = $(notdir $%)
# makefile (from `Makefile', line 10)
G_DEPS = *.cpp Makefile
# environment
VSCODE_PIPE_LOGGING = true
# environment
PWD = /Users/michaelwomick/Desktop/pa6-mwomick-main
# environment
ORIGINAL_XDG_CURRENT_DESKTOP = undefined
# environment
VSCODE_AMD_ENTRYPOINT = vs/workbench/services/extensions/node/extensionHostProcess
# makefile (from `Makefile', line 12)
G_INC = -Iinclude -Iapps $(CPPFLAGS)
# environment
HOME = /Users/michaelwomick
# default
MAKEFILEPATH := /Applications/Xcode.app/Contents/Developer/Makefiles
# environment
VSCODE_CODE_CACHE_PATH = /Users/michaelwomick/Library/Application Support/Code/CachedData/3a6960b964327f0e3882ce18fcebd07ed191b316
# environment
LOGNAME = michaelwomick
# environment
APPLICATION_INSIGHTS_NO_DIAGNOSTIC_CHANNEL = true
# environment
VSCODE_HANDLES_UNCAUGHT_ERRORS = true
# automatic
^D = $(patsubst %/,%,$(dir $^))
# environment
XPC_FLAGS = 0x0
# default
MAKE = $(MAKE_COMMAND)
# default
MAKECMDGOALS := all
# environment
SHLVL = 1
# makefile (from `Makefile', line 4)
CC = g++ -g -Wno-float-conversion -Wno-narrowing -Wreturn-type -Wunused-function -Wreorder -Wunused-variable
# default
MAKE_VERSION := 3.81
# environment
USER = michaelwomick
# makefile
.DEFAULT_GOAL := all
# automatic
%D = $(patsubst %/,%,$(dir $%))
# makefile (from `Makefile', line 35)
PAINT_SRC = apps/paint.cpp apps/GWindow.cpp apps/GTime.cpp
# makefile (from `Makefile', line 39)
VIEWER_SRC = apps/viewer.cpp apps/GWindow.cpp apps/GTime.cpp apps/image_recs.cpp
# default
MAKE_COMMAND := /Applications/Xcode.app/Contents/Developer/usr/bin/make
# default
.VARIABLES := 
# environment
TMPDIR = /var/folders/__/8bk089wj1p3_7rlqpn9r2gdw0000gn/T/
# automatic
*F = $(notdir $*)
# environment
VSCODE_IPC_HOOK = /Users/michaelwomick/Library/Application Support/Code/1.62.2-main.sock
# makefile
MAKEFLAGS = Rrqp
# environment
MFLAGS = -Rrqp
# automatic
*D = $(patsubst %/,%,$(dir $*))
# environment
XPC_SERVICE_NAME = application.com.microsoft.VSCode.8782015012.8782015018
# automatic
+D = $(patsubst %/,%,$(dir $+))
# automatic
+F = $(notdir $+)
# makefile (from `Makefile', line 9)
G_SRC = src/*.cpp *.cpp
# environment
__CF_USER_TEXT_ENCODING = 0x1F5:0x0:0x0
# environment
COMMAND_MODE = unix2003
# default
MAKEFILES := 
# automatic
<F = $(notdir $<)
# environment
LC_ALL = C
# automatic
^F = $(notdir $^)
# default
SUFFIXES := 
# default
.INCLUDE_DIRS = /usr/local/include
# environment
MAKELEVEL := 0
# makefile (from `Makefile', line 44)
BOUNCE_SRC = apps/bounce.cpp apps/GWindow.cpp apps/GTime.cpp
# environment
LANG = C
# environment
VSCODE_PID = 50432
# variable set hash-table stats:
# Load=74/1024=7%, Rehash=0, Collisions=3/125=2%

# Pattern-specific Variable Values

# No pattern-specific variable values.

# Directories

# . (device 16777223, inode 8781622978): 37 files, no impossibilities.
# src (device 16777223, inode 8781623069): 8 files, no impossibilities.

# 45 files, no impossibilities in 2 directories.

# Implicit Rules

# No implicit rules.

# Files

# Not a target:
GMatrix.cpp:
#  Implicit rule search has been done.
#  Last modified 2021-11-18 13:43:31
#  File has been updated.
#  Successfully updated.
# variable set hash-table stats:
# Load=0/32=0%, Rehash=0, Collisions=0/0=0%

# Not a target:
apps/tests_recs.cpp:
#  Implicit rule search has not been done.
#  Modification time never checked.
#  File has not been updated.

all: image tests bench
#  Command-line target.
#  Implicit rule search has been done.
#  File does not exist.
#  File has been updated.
#  Needs to be updated (-q is set).
# variable set hash-table stats:
# Load=0/32=0%, Rehash=0, Collisions=0/7=0%

# Not a target:
MyCanvas.cpp:
#  Implicit rule search has been done.
#  Last modified 2021-11-19 18:58:43
#  File has been updated.
#  Successfully updated.
# variable set hash-table stats:
# Load=0/32=0%, Rehash=0, Collisions=0/0=0%

# Not a target:
src/GBitmap.cpp:
#  Implicit rule search has been done.
#  Last modified 2021-11-18 13:39:10
#  File has been updated.
#  Successfully updated.
# variable set hash-table stats:
# Load=0/32=0%, Rehash=0, Collisions=0/0=0%

viewer: apps/viewer.cpp apps/GWindow.cpp apps/GTime.cpp apps/image_recs.cpp src/GBitmap.cpp src/GBitmap_lode.cpp src/GPath.cpp src/lodepng.cpp src/utils.cpp GBitmapShader.cpp GBlitter.cpp GClipper.cpp GDraw_vertices.cpp GEdge.cpp GGradientShader.cpp GMatrix.cpp GPath.cpp MyCanvas.cpp GBitmapShader.cpp GBlitter.cpp GClipper.cpp GDraw_vertices.cpp GEdge.cpp GGradientShader.cpp GMatrix.cpp GPath.cpp MyCanvas.cpp Makefile
#  Implicit rule search has not been done.
#  Modification time never checked.
#  File has not been updated.
#  commands to execute (from `Makefile', line 41):
	$(CC_RELEASE) $(G_INC) $(G_SRC) $(VIEWER_SRC) $(G_LINK) -lSDL2 -o viewer
	

# Not a target:
apps/GTime.cpp:
#  Implicit rule search has not been done.
#  Modification time never checked.
#  File has not been updated.

# Not a target:
src/utils.cpp:
#  Implicit rule search has been done.
#  Last modified 2021-11-18 13:39:10
#  File has been updated.
#  Successfully updated.
# variable set hash-table stats:
# Load=0/32=0%, Rehash=0, Collisions=0/0=0%

dbench: src/GBitmap.cpp src/GBitmap_lode.cpp src/GPath.cpp src/lodepng.cpp src/utils.cpp GBitmapShader.cpp GBlitter.cpp GClipper.cpp GDraw_vertices.cpp GEdge.cpp GGradientShader.cpp GMatrix.cpp GPath.cpp MyCanvas.cpp GBitmapShader.cpp GBlitter.cpp GClipper.cpp GDraw_vertices.cpp GEdge.cpp GGradientShader.cpp GMatrix.cpp GPath.cpp MyCanvas.cpp Makefile apps/bench.cpp apps/bench_recs.cpp apps/GTime.cpp
#  Implicit rule search has not been done.
#  Modification time never checked.
#  File has not been updated.
#  commands to execute (from `Makefile', line 29):
	$(CC_DEBUG) $(G_INC) $(G_SRC) apps/GTime.cpp apps/bench.cpp apps/bench_recs.cpp -o dbench
	

# Not a target:
apps/draw.cpp:
#  Implicit rule search has not been done.
#  Modification time never checked.
#  File has not been updated.

 
tests: src/GBitmap.cpp src/GBitmap_lode.cpp src/GPath.cpp src/lodepng.cpp src/utils.cpp GBitmapShader.cpp GBlitter.cpp GClipper.cpp GDraw_vertices.cpp GEdge.cpp GGradientShader.cpp GMatrix.cpp GPath.cpp MyCanvas.cpp GBitmapShader.cpp GBlitter.cpp GClipper.cpp GDraw_vertices.cpp GEdge.cpp GGradientShader.cpp GMatrix.cpp GPath.cpp MyCanvas.cpp Makefile apps/tests.cpp apps/tests_recs.cpp
#  Implicit rule search has not been done.
#  Modification time never checked.
#  File has not been updated.
#  commands to execute (from `Makefile', line 22):
	$(CC_DEBUG) $(G_INC) $(G_SRC) apps/tests.cpp apps/tests_recs.cpp -o tests
	

# Not a target:
apps/paint.cpp:
#  Implicit rule search has not been done.
#  Modification time never checked.
#  File has not been updated.

# Not a target:
.SUFFIXES:
#  Implicit rule search has not been done.
#  Modification time never checked.
#  File has not been updated.

# Not a target:
Makefile:
#  Implicit rule search has been done.
#  Last modified 2021-11-18 13:39:10
#  File has been updated.
#  Successfully updated.
# variable set hash-table stats:
# Load=0/32=0%, Rehash=0, Collisions=0/0=0%

# Not a target:
apps/image_recs.cpp:
#  Implicit rule search has been done.
#  Last modified 2021-11-18 13:39:10
#  File has been updated.
#  Successfully updated.
# variable set hash-table stats:
# Load=0/32=0%, Rehash=0, Collisions=0/0=0%

# Not a target:
GClipper.cpp:
#  Implicit rule search has been done.
#  Last modified 2021-11-18 13:43:30
#  File has been updated.
#  Successfully updated.
# variable set hash-table stats:
# Load=0/32=0%, Rehash=0, Collisions=0/0=0%

# Not a target:
apps/bounce.cpp:
#  Implicit rule search has not been done.
#  Modification time never checked.
#  File has not been updated.

# Not a target:
GPath.cpp:
#  Implicit rule search has been done.
#  Last modified 2021-11-18 13:43:31
#  File has been updated.
#  Successfully updated.
# variable set hash-table stats:
# Load=0/32=0%, Rehash=0, Collisions=0/0=0%

# Not a target:
GBlitter.cpp:
#  Implicit rule search has been done.
#  Last modified 2021-11-18 13:43:30
#  File has been updated.
#  Successfully updated.
# variable set hash-table stats:
# Load=0/32=0%, Rehash=0, Collisions=0/0=0%

# Not a target:
apps/bench_recs.cpp:
#  Implicit rule search has not been done.
#  Modification time never checked.
#  File has not been updated.

# Not a target:
GGradientShader.cpp:
#  Implicit rule search has been done.
#  Last modified 2021-11-18 13:43:31
#  File has been updated.
#  Successfully updated.
# variable set hash-table stats:
# Load=0/32=0%, Rehash=0, Collisions=0/0=0%

bounce: apps/bounce.cpp apps/GWindow.cpp apps/GTime.cpp src/GBitmap.cpp src/GBitmap_lode.cpp src/GPath.cpp src/lodepng.cpp src/utils.cpp GBitmapShader.cpp GBlitter.cpp GClipper.cpp GDraw_vertices.cpp GEdge.cpp GGradientShader.cpp GMatrix.cpp GPath.cpp MyCanvas.cpp GBitmapShader.cpp GBlitter.cpp GClipper.cpp GDraw_vertices.cpp GEdge.cpp GGradientShader.cpp GMatrix.cpp GPath.cpp MyCanvas.cpp Makefile
#  Implicit rule search has not been done.
#  Modification time never checked.
#  File has not been updated.
#  commands to execute (from `Makefile', line 46):
	$(CC_RELEASE) $(G_INC) $(G_SRC) $(BOUNCE_SRC) $(G_LINK) -lSDL2 -o bounce
	

paint: apps/paint.cpp apps/GWindow.cpp apps/GTime.cpp src/GBitmap.cpp src/GBitmap_lode.cpp src/GPath.cpp src/lodepng.cpp src/utils.cpp GBitmapShader.cpp GBlitter.cpp GClipper.cpp GDraw_vertices.cpp GEdge.cpp GGradientShader.cpp GMatrix.cpp GPath.cpp MyCanvas.cpp GBitmapShader.cpp GBlitter.cpp GClipper.cpp GDraw_vertices.cpp GEdge.cpp GGradientShader.cpp GMatrix.cpp GPath.cpp MyCanvas.cpp Makefile
#  Implicit rule search has not been done.
#  Modification time never checked.
#  File has not been updated.
#  commands to execute (from `Makefile', line 37):
	$(CC_RELEASE) $(G_INC) $(G_SRC) $(PAINT_SRC) $(G_LINK) -lSDL2 -o paint
	

# Not a target:
.DEFAULT:
#  Implicit rule search has not been done.
#  Modification time never checked.
#  File has not been updated.

# Not a target:
apps/GWindow.cpp:
#  Implicit rule search has not been done.
#  Modification time never checked.
#  File has not been updated.

# Not a target:
apps/tests.cpp:
#  Implicit rule search has not been done.
#  Modification time never checked.
#  File has not been updated.

# Not a target:
apps/bench.cpp:
#  Implicit rule search has not been done.
#  Modification time never checked.
#  File has not been updated.

# Not a target:
src/GPath.cpp:
#  Implicit rule search has been done.
#  Last modified 2021-11-18 13:39:10
#  File has been updated.
#  Successfully updated.
# variable set hash-table stats:
# Load=0/32=0%, Rehash=0, Collisions=0/0=0%

image: src/GBitmap.cpp src/GBitmap_lode.cpp src/GPath.cpp src/lodepng.cpp src/utils.cpp GBitmapShader.cpp GBlitter.cpp GClipper.cpp GDraw_vertices.cpp GEdge.cpp GGradientShader.cpp GMatrix.cpp GPath.cpp MyCanvas.cpp Makefile apps/image.cpp apps/image_recs.cpp
#  Implicit rule search has not been done.
#  Implicit/static pattern stem: `'
#  File does not exist.
#  File has been updated.
#  Needs to be updated (-q is set).
# automatic
# @ := image
# automatic
# % := 
# automatic
# * := 
# automatic
# + := src/GBitmap.cpp src/GBitmap_lode.cpp src/GPath.cpp src/lodepng.cpp src/utils.cpp GBitmapShader.cpp GBlitter.cpp GClipper.cpp GDraw_vertices.cpp GEdge.cpp GGradientShader.cpp GMatrix.cpp GPath.cpp MyCanvas.cpp GBitmapShader.cpp GBlitter.cpp GClipper.cpp GDraw_vertices.cpp GEdge.cpp GGradientShader.cpp GMatrix.cpp GPath.cpp MyCanvas.cpp Makefile apps/image.cpp apps/image_recs.cpp
# automatic
# | := 
# automatic
# < := src/GBitmap.cpp
# automatic
# ^ := src/GBitmap.cpp src/GBitmap_lode.cpp src/GPath.cpp src/lodepng.cpp src/utils.cpp GBitmapShader.cpp GBlitter.cpp GClipper.cpp GDraw_vertices.cpp GEdge.cpp GGradientShader.cpp GMatrix.cpp GPath.cpp MyCanvas.cpp Makefile apps/image.cpp apps/image_recs.cpp
# automatic
# ? := src/GBitmap.cpp src/GBitmap_lode.cpp src/GPath.cpp src/lodepng.cpp src/utils.cpp GBitmapShader.cpp GBlitter.cpp GClipper.cpp GDraw_vertices.cpp GEdge.cpp GGradientShader.cpp GMatrix.cpp GPath.cpp MyCanvas.cpp Makefile apps/image.cpp apps/image_recs.cpp
# variable set hash-table stats:
# Load=8/32=25%, Rehash=0, Collisions=1/15=7%
#  commands to execute (from `Makefile', line 19):
	$(CC_DEBUG) $(G_INC) $(G_SRC) apps/image.cpp apps/image_recs.cpp -o image
	

clean:
#  Implicit rule search has not been done.
#  Modification time never checked.
#  File has not been updated.
#  commands to execute (from `Makefile', line 50):
	@rm -rf image tests draw paint viewer bounce bench dbench *.png *.dSYM
	

# Not a target:
GEdge.cpp:
#  Implicit rule search has been done.
#  Last modified 2021-11-18 13:43:30
#  File has been updated.
#  Successfully updated.
# variable set hash-table stats:
# Load=0/32=0%, Rehash=0, Collisions=0/0=0%

# Not a target:
apps/viewer.cpp:
#  Implicit rule search has not been done.
#  Modification time never checked.
#  File has not been updated.

# Not a target:
src/lodepng.cpp:
#  Implicit rule search has been done.
#  Last modified 2021-11-18 13:39:10
#  File has been updated.
#  Successfully updated.
# variable set hash-table stats:
# Load=0/32=0%, Rehash=0, Collisions=0/0=0%

# Not a target:
GBitmapShader.cpp:
#  Implicit rule search has been done.
#  Last modified 2021-11-18 13:43:30
#  File has been updated.
#  Successfully updated.
# variable set hash-table stats:
# Load=0/32=0%, Rehash=0, Collisions=0/0=0%

bench: src/GBitmap.cpp src/GBitmap_lode.cpp src/GPath.cpp src/lodepng.cpp src/utils.cpp GBitmapShader.cpp GBlitter.cpp GClipper.cpp GDraw_vertices.cpp GEdge.cpp GGradientShader.cpp GMatrix.cpp GPath.cpp MyCanvas.cpp GBitmapShader.cpp GBlitter.cpp GClipper.cpp GDraw_vertices.cpp GEdge.cpp GGradientShader.cpp GMatrix.cpp GPath.cpp MyCanvas.cpp Makefile apps/bench.cpp apps/bench_recs.cpp apps/GTime.cpp
#  Implicit rule search has not been done.
#  Modification time never checked.
#  File has not been updated.
#  commands to execute (from `Makefile', line 25):
	$(CC_RELEASE) $(G_INC) $(G_SRC) apps/GTime.cpp apps/bench.cpp apps/bench_recs.cpp -o bench
	

# Not a target:
apps/image.cpp:
 
#  Implicit rule search has been done.
#  Last modified 2021-11-18 13:39:10
#  File has been updated.
#  Successfully updated.
# variable set hash-table stats:
# Load=0/32=0%, Rehash=0, Collisions=0/0=0%

draw: apps/draw.cpp apps/GWindow.cpp apps/GTime.cpp src/GBitmap.cpp src/GBitmap_lode.cpp src/GPath.cpp src/lodepng.cpp src/utils.cpp GBitmapShader.cpp GBlitter.cpp GClipper.cpp GDraw_vertices.cpp GEdge.cpp GGradientShader.cpp GMatrix.cpp GPath.cpp MyCanvas.cpp GBitmapShader.cpp GBlitter.cpp GClipper.cpp GDraw_vertices.cpp GEdge.cpp GGradientShader.cpp GMatrix.cpp GPath.cpp MyCanvas.cpp Makefile
#  Implicit rule search has not been done.
#  Modification time never checked.
#  File has not been updated.
#  commands to execute (from `Makefile', line 33):
	$(CC_RELEASE) $(G_INC) $(G_SRC) $(DRAW_SRC) $(G_LINK) -lSDL2 -o draw
	

# Not a target:
GDraw_vertices.cpp:
#  Implicit rule search has been done.
#  Last modified 2021-11-20 15:09:08
#  File has been updated.
#  Successfully updated.
# variable set hash-table stats:
# Load=0/32=0%, Rehash=0, Collisions=0/0=0%

# Not a target:
src/GBitmap_lode.cpp:
#  Implicit rule search has been done.
#  Last modified 2021-11-18 13:39:10
#  File has been updated.
#  Successfully updated.
# variable set hash-table stats:
# Load=0/32=0%, Rehash=0, Collisions=0/0=0%

# files hash-table stats:
# Load=39/1024=4%, Rehash=0, Collisions=4/271=1%
# VPATH Search Paths

# No `vpath' search paths.

# No general (`VPATH' variable) search path.

# # of strings in strcache: 1
# # of strcache buffers: 1
# strcache size: total = 4096 / max = 4096 / min = 4096 / avg = 4096
# strcache free: total = 4087 / max = 4087 / min = 4087 / avg = 4087

# Finished Make data base on Sat Nov 20 15:09:11 2021

 
